2023-03-20 16:22:07,601 :INFO : test_end2end :Dropdowm count is
2023-03-20 16:22:07,601 :INFO : test_end2end :14
2023-03-20 16:22:07,601 :INFO : test_end2end :Num of chats available in the side navigation bar
2023-03-20 16:22:07,601 :INFO : test_end2end :14
2023-03-20 16:22:07,601 :INFO : test_end2end :-------------------------------------------------------
2023-03-20 16:22:11,740 :INFO : test_end2end :Dropdowm count is
2023-03-20 16:22:11,740 :INFO : test_end2end :11
2023-03-20 16:22:11,740 :INFO : test_end2end :Num of chats available in the side navigation bar
2023-03-20 16:22:11,740 :INFO : test_end2end :11
2023-03-20 16:22:11,740 :INFO : test_end2end :-------------------------------------------------------
2023-03-20 16:23:21,481 :INFO : test_end2end :Dropdowm count is
2023-03-20 16:23:21,481 :INFO : test_end2end :14
2023-03-20 16:23:21,481 :INFO : test_end2end :Num of chats available in the side navigation bar
2023-03-20 16:23:21,481 :INFO : test_end2end :14
2023-03-20 16:23:21,481 :INFO : test_end2end :-------------------------------------------------------
2023-03-20 16:23:25,634 :INFO : test_end2end :Dropdowm count is
2023-03-20 16:23:25,634 :INFO : test_end2end :11
2023-03-20 16:23:25,634 :INFO : test_end2end :Num of chats available in the side navigation bar
2023-03-20 16:23:25,634 :INFO : test_end2end :11
2023-03-20 16:23:25,634 :INFO : test_end2end :-------------------------------------------------------
2023-03-20 17:04:59,395 :INFO : test_end2end :Dropdowm count is
2023-03-20 17:04:59,405 :INFO : test_end2end :13
2023-03-20 17:04:59,405 :INFO : test_end2end :Num of chats available in the side navigation bar
2023-03-20 17:04:59,405 :INFO : test_end2end :13
2023-03-20 17:04:59,405 :INFO : test_end2end :-------------------------------------------------------
2023-03-20 17:05:03,556 :INFO : test_end2end :Dropdowm count is
2023-03-20 17:05:03,556 :INFO : test_end2end :13
2023-03-20 17:05:03,556 :INFO : test_end2end :Num of chats available in the side navigation bar
2023-03-20 17:05:03,556 :INFO : test_end2end :13
2023-03-20 17:05:03,556 :INFO : test_end2end :-------------------------------------------------------
2023-03-20 17:06:25,464 :INFO : test_end2end :Dropdowm count is
2023-03-20 17:06:25,464 :INFO : test_end2end :13
2023-03-20 17:06:25,464 :INFO : test_end2end :Num of chats available in the side navigation bar
2023-03-20 17:06:25,464 :INFO : test_end2end :13
2023-03-20 17:06:25,464 :INFO : test_end2end :-------------------------------------------------------
2023-03-20 17:06:29,612 :INFO : test_end2end :Dropdowm count is
2023-03-20 17:06:29,612 :INFO : test_end2end :13
2023-03-20 17:06:29,612 :INFO : test_end2end :Num of chats available in the side navigation bar
2023-03-20 17:06:29,612 :INFO : test_end2end :13
2023-03-20 17:06:29,612 :INFO : test_end2end :-------------------------------------------------------
2023-03-20 17:10:53,046 :INFO : test_end2end :Dropdowm count is
2023-03-20 17:10:53,046 :INFO : test_end2end :13
2023-03-20 17:10:53,046 :INFO : test_end2end :Num of chats available in the side navigation bar
2023-03-20 17:10:53,046 :INFO : test_end2end :13
2023-03-20 17:10:53,046 :INFO : test_end2end :-------------------------------------------------------
2023-03-20 17:10:57,212 :INFO : test_end2end :Dropdowm count is
2023-03-20 17:10:57,212 :INFO : test_end2end :13
2023-03-20 17:10:57,212 :INFO : test_end2end :Num of chats available in the side navigation bar
2023-03-20 17:10:57,212 :INFO : test_end2end :13
2023-03-20 17:10:57,212 :INFO : test_end2end :-------------------------------------------------------
2023-03-20 17:11:03,576 :INFO : test_end2end :Dropdowm count is
2023-03-20 17:11:03,576 :INFO : test_end2end :22
2023-03-20 17:11:03,576 :INFO : test_end2end :Num of chats available in the side navigation bar
2023-03-20 17:11:03,576 :INFO : test_end2end :22
2023-03-20 17:11:03,576 :INFO : test_end2end :-------------------------------------------------------
2023-03-20 17:11:07,728 :INFO : test_end2end :Dropdowm count is
2023-03-20 17:11:07,728 :INFO : test_end2end :1
2023-03-20 17:11:07,728 :INFO : test_end2end :Num of chats available in the side navigation bar
2023-03-20 17:11:07,728 :INFO : test_end2end :1
2023-03-20 17:11:07,728 :INFO : test_end2end :-------------------------------------------------------
2023-03-20 17:11:14,059 :INFO : test_end2end :Dropdowm count is
2023-03-20 17:11:14,059 :INFO : test_end2end :55
2023-03-20 17:11:14,059 :INFO : test_end2end :Num of chats available in the side navigation bar
2023-03-20 17:11:14,059 :INFO : test_end2end :31
2023-03-20 17:11:14,059 :INFO : test_end2end :Missmatch in data
2023-03-20 17:11:14,059 :INFO : test_end2end :-------------------------------------------------------
2023-03-20 17:11:18,217 :INFO : test_end2end :Dropdowm count is
2023-03-20 17:11:18,217 :INFO : test_end2end :19
2023-03-20 17:11:18,217 :INFO : test_end2end :Num of chats available in the side navigation bar
2023-03-20 17:11:18,217 :INFO : test_end2end :19
2023-03-20 17:11:18,217 :INFO : test_end2end :-------------------------------------------------------
2023-03-20 17:11:50,295 :INFO : test_end2end :Dropdowm count is
2023-03-20 17:11:50,295 :INFO : test_end2end :13
2023-03-20 17:11:50,295 :INFO : test_end2end :Num of chats available in the side navigation bar
2023-03-20 17:11:50,295 :INFO : test_end2end :13
2023-03-20 17:11:50,295 :INFO : test_end2end :-------------------------------------------------------
2023-03-20 17:11:54,447 :INFO : test_end2end :Dropdowm count is
2023-03-20 17:11:54,447 :INFO : test_end2end :13
2023-03-20 17:11:54,447 :INFO : test_end2end :Num of chats available in the side navigation bar
2023-03-20 17:11:54,447 :INFO : test_end2end :13
2023-03-20 17:11:54,447 :INFO : test_end2end :-------------------------------------------------------
2023-03-20 17:12:54,521 :INFO : test_end2end :Dropdowm count is
2023-03-20 17:12:54,521 :INFO : test_end2end :13
2023-03-20 17:12:54,521 :INFO : test_end2end :Num of chats available in the side navigation bar
2023-03-20 17:12:54,521 :INFO : test_end2end :13
2023-03-20 17:12:54,521 :INFO : test_end2end :-------------------------------------------------------
2023-03-20 17:12:58,670 :INFO : test_end2end :Dropdowm count is
2023-03-20 17:12:58,670 :INFO : test_end2end :13
2023-03-20 17:12:58,670 :INFO : test_end2end :Num of chats available in the side navigation bar
2023-03-20 17:12:58,670 :INFO : test_end2end :13
2023-03-20 17:12:58,670 :INFO : test_end2end :-------------------------------------------------------
2023-03-20 17:13:05,041 :INFO : test_end2end :Dropdowm count is
2023-03-20 17:13:05,041 :INFO : test_end2end :22
2023-03-20 17:13:05,041 :INFO : test_end2end :Num of chats available in the side navigation bar
2023-03-20 17:13:05,041 :INFO : test_end2end :22
2023-03-20 17:13:05,041 :INFO : test_end2end :-------------------------------------------------------
2023-03-20 17:13:09,176 :INFO : test_end2end :Dropdowm count is
2023-03-20 17:13:09,176 :INFO : test_end2end :1
2023-03-20 17:13:09,176 :INFO : test_end2end :Num of chats available in the side navigation bar
2023-03-20 17:13:09,176 :INFO : test_end2end :1
2023-03-20 17:13:09,176 :INFO : test_end2end :-------------------------------------------------------
2023-03-20 17:13:15,522 :INFO : test_end2end :Dropdowm count is
2023-03-20 17:13:15,522 :INFO : test_end2end :55
2023-03-20 17:13:15,522 :INFO : test_end2end :Num of chats available in the side navigation bar
2023-03-20 17:13:15,522 :INFO : test_end2end :31
2023-03-20 17:13:15,522 :INFO : test_end2end :Missmatch in data
2023-03-20 17:13:15,522 :INFO : test_end2end :-------------------------------------------------------
2023-03-20 17:13:19,657 :INFO : test_end2end :Dropdowm count is
2023-03-20 17:13:19,657 :INFO : test_end2end :19
2023-03-20 17:13:19,657 :INFO : test_end2end :Num of chats available in the side navigation bar
2023-03-20 17:13:19,657 :INFO : test_end2end :19
2023-03-20 17:13:19,662 :INFO : test_end2end :-------------------------------------------------------
2023-03-20 17:14:45,696 :INFO : test_end2end :Dropdowm count is
2023-03-20 17:14:45,696 :INFO : test_end2end :13
2023-03-20 17:14:45,696 :INFO : test_end2end :Num of chats available in the side navigation bar
2023-03-20 17:14:45,696 :INFO : test_end2end :13
2023-03-20 17:14:45,696 :INFO : test_end2end :-------------------------------------------------------
2023-03-20 17:14:49,848 :INFO : test_end2end :Dropdowm count is
2023-03-20 17:14:49,848 :INFO : test_end2end :13
2023-03-20 17:14:49,848 :INFO : test_end2end :Num of chats available in the side navigation bar
2023-03-20 17:14:49,848 :INFO : test_end2end :13
2023-03-20 17:14:49,848 :INFO : test_end2end :-------------------------------------------------------
2023-03-20 17:15:40,614 :INFO : test_end2end :Dropdowm count is
2023-03-20 17:15:40,614 :INFO : test_end2end :13
2023-03-20 17:15:40,616 :INFO : test_end2end :Num of chats available in the side navigation bar
2023-03-20 17:15:40,616 :INFO : test_end2end :13
2023-03-20 17:15:40,616 :INFO : test_end2end :-------------------------------------------------------
2023-03-20 17:15:44,752 :INFO : test_end2end :Dropdowm count is
2023-03-20 17:15:44,752 :INFO : test_end2end :13
2023-03-20 17:15:44,752 :INFO : test_end2end :Num of chats available in the side navigation bar
2023-03-20 17:15:44,752 :INFO : test_end2end :13
2023-03-20 17:15:44,752 :INFO : test_end2end :-------------------------------------------------------
2023-03-20 17:15:51,193 :INFO : test_end2end :Dropdowm count is
2023-03-20 17:15:51,193 :INFO : test_end2end :22
2023-03-20 17:15:51,193 :INFO : test_end2end :Num of chats available in the side navigation bar
2023-03-20 17:15:51,193 :INFO : test_end2end :22
2023-03-20 17:15:51,193 :INFO : test_end2end :-------------------------------------------------------
2023-03-20 17:15:55,339 :INFO : test_end2end :Dropdowm count is
2023-03-20 17:15:55,339 :INFO : test_end2end :1
2023-03-20 17:15:55,339 :INFO : test_end2end :Num of chats available in the side navigation bar
2023-03-20 17:15:55,339 :INFO : test_end2end :1
2023-03-20 17:15:55,339 :INFO : test_end2end :-------------------------------------------------------
2023-03-20 17:17:27,037 :INFO : test_end2end :Dropdowm count is
2023-03-20 17:17:27,037 :INFO : test_end2end :13
2023-03-20 17:17:27,037 :INFO : test_end2end :Num of chats available in the side navigation bar
2023-03-20 17:17:27,037 :INFO : test_end2end :13
2023-03-20 17:17:27,037 :INFO : test_end2end :-------------------------------------------------------
2023-03-20 17:17:31,188 :INFO : test_end2end :Dropdowm count is
2023-03-20 17:17:31,188 :INFO : test_end2end :13
2023-03-20 17:17:31,188 :INFO : test_end2end :Num of chats available in the side navigation bar
2023-03-20 17:17:31,188 :INFO : test_end2end :13
2023-03-20 17:17:31,188 :INFO : test_end2end :-------------------------------------------------------
2023-03-20 17:17:37,575 :INFO : test_end2end :Dropdowm count is
2023-03-20 17:17:37,575 :INFO : test_end2end :22
2023-03-20 17:17:37,575 :INFO : test_end2end :Num of chats available in the side navigation bar
2023-03-20 17:17:37,575 :INFO : test_end2end :22
2023-03-20 17:17:37,575 :INFO : test_end2end :-------------------------------------------------------
2023-03-20 17:17:41,735 :INFO : test_end2end :Dropdowm count is
2023-03-20 17:17:41,735 :INFO : test_end2end :1
2023-03-20 17:17:41,735 :INFO : test_end2end :Num of chats available in the side navigation bar
2023-03-20 17:17:41,735 :INFO : test_end2end :1
2023-03-20 17:17:41,735 :INFO : test_end2end :-------------------------------------------------------
2023-03-20 17:28:49,676 :INFO : test_end2end :Dropdowm count is
2023-03-20 17:28:49,676 :INFO : test_end2end :13
2023-03-20 17:28:49,676 :INFO : test_end2end :Num of chats available in the side navigation bar
2023-03-20 17:28:49,676 :INFO : test_end2end :13
2023-03-20 17:28:49,676 :INFO : test_end2end :-------------------------------------------------------
2023-03-20 17:28:53,827 :INFO : test_end2end :Dropdowm count is
2023-03-20 17:28:53,827 :INFO : test_end2end :13
2023-03-20 17:28:53,827 :INFO : test_end2end :Num of chats available in the side navigation bar
2023-03-20 17:28:53,827 :INFO : test_end2end :13
2023-03-20 17:28:53,827 :INFO : test_end2end :-------------------------------------------------------
2023-03-20 17:33:31,051 :INFO : test_end2end :Dropdowm count is
2023-03-20 17:33:31,051 :INFO : test_end2end :13
2023-03-20 17:33:31,051 :INFO : test_end2end :Num of chats available in the side navigation bar
2023-03-20 17:33:31,051 :INFO : test_end2end :13
2023-03-20 17:33:31,051 :INFO : test_end2end :-------------------------------------------------------
2023-03-20 17:33:35,222 :INFO : test_end2end :Dropdowm count is
2023-03-20 17:33:35,222 :INFO : test_end2end :13
2023-03-20 17:33:35,222 :INFO : test_end2end :Num of chats available in the side navigation bar
2023-03-20 17:33:35,222 :INFO : test_end2end :13
2023-03-20 17:33:35,222 :INFO : test_end2end :-------------------------------------------------------
2023-03-20 17:33:41,620 :INFO : test_end2end :Dropdowm count is
2023-03-20 17:33:41,620 :INFO : test_end2end :22
2023-03-20 17:33:41,620 :INFO : test_end2end :Num of chats available in the side navigation bar
2023-03-20 17:33:41,620 :INFO : test_end2end :22
2023-03-20 17:33:41,620 :INFO : test_end2end :-------------------------------------------------------
2023-03-20 17:33:45,794 :INFO : test_end2end :Dropdowm count is
2023-03-20 17:33:45,794 :INFO : test_end2end :1
2023-03-20 17:33:45,794 :INFO : test_end2end :Num of chats available in the side navigation bar
2023-03-20 17:33:45,794 :INFO : test_end2end :1
2023-03-20 17:33:45,794 :INFO : test_end2end :-------------------------------------------------------
2023-03-20 17:33:52,145 :INFO : test_end2end :Dropdowm count is
2023-03-20 17:33:52,145 :INFO : test_end2end :55
2023-03-20 17:33:52,145 :INFO : test_end2end :Num of chats available in the side navigation bar
2023-03-20 17:33:52,145 :INFO : test_end2end :31
2023-03-20 17:33:52,145 :INFO : test_end2end :Missmatch in data
2023-03-20 17:33:52,145 :INFO : test_end2end :-------------------------------------------------------
2023-03-20 17:33:56,285 :INFO : test_end2end :Dropdowm count is
2023-03-20 17:33:56,285 :INFO : test_end2end :19
2023-03-20 17:33:56,285 :INFO : test_end2end :Num of chats available in the side navigation bar
2023-03-20 17:33:56,285 :INFO : test_end2end :19
2023-03-20 17:33:56,285 :INFO : test_end2end :-------------------------------------------------------
